<?xml version="1.0" encoding="UTF-8"?>
<!-- Generated by org.testng.reporters.JUnitXMLReporter -->
<testsuite ignored="0" hostname="DESKTOP-DN37M11" failures="0" tests="3" name="Test" time="0.186" errors="0" timestamp="2023-10-29T22:07:44 IST">
  <testcase classname="TestNGFeature.TestNGGrop" name="GetTitle" time="0.014"/>
  <testcase classname="TestNGFeature.TestNGGrop" name="dragandDrop" time="0.003"/>
  <testcase classname="TestNGFeature.TestNGGrop" name="login" time="0.083"/>
</testsuite> <!-- Test -->
