<?xml version="1.0" encoding="UTF-8"?>
<!-- Generated by org.testng.reporters.JUnitXMLReporter -->
<testsuite ignored="2" hostname="DESKTOP-DN37M11" failures="0" tests="1" name="Test1" time="0.083" errors="0" timestamp="2023-10-10T09:15:00 IST">
  <testcase classname="TestNGFeature.TestNGGrop" name="login" time="0.015"/>
  <testcase classname="TestNGFeature.TestNGGrop" name="dragandDrop" time="0.0">
    <ignored/>
  </testcase> <!-- dragandDrop -->
  <testcase classname="TestNGFeature.TestNGGrop" name="GetTitle" time="0.0">
    <ignored/>
  </testcase> <!-- GetTitle -->
</testsuite> <!-- Test1 -->
