<?xml version="1.0" encoding="UTF-8"?>
<!-- Generated by org.testng.reporters.JUnitXMLReporter -->
<testsuite ignored="1" hostname="DESKTOP-DN37M11" failures="0" tests="2" name="Test1" time="0.109" errors="0" timestamp="2023-10-29T22:10:18 IST">
  <testcase classname="TestNGFeature.TestNGGrop" name="GetTitle" time="0.014"/>
  <testcase classname="TestNGFeature.TestNGGrop" name="login" time="0.004"/>
  <testcase classname="TestNGFeature.TestNGGrop" name="dragandDrop" time="0.0">
    <ignored/>
  </testcase> <!-- dragandDrop -->
</testsuite> <!-- Test1 -->
