<?xml version="1.0" encoding="UTF-8"?>
<testng-results ignored="0" total="2" passed="2" failed="0" skipped="0">
  <reporter-output>
  </reporter-output>
  <suite started-at="2023-09-24T10:17:54 IST" name="Default suite" finished-at="2023-09-24T10:17:58 IST" duration-ms="3829">
    <groups>
    </groups>
    <test started-at="2023-09-24T10:17:54 IST" name="Default test" finished-at="2023-09-24T10:17:58 IST" duration-ms="3829">
      <class name="ResponseSpecbuilder.ResponseSpecBuilderTest">
        <test-method is-config="true" signature="RestSpecBuilderTest()[pri:0, instance:ResponseSpecbuilder.ResponseSpecBuilderTest@5524cca1]" started-at="2023-09-24T10:17:54 IST" name="RestSpecBuilderTest" finished-at="2023-09-24T10:17:55 IST" duration-ms="792" status="PASS">
          <reporter-output>
          </reporter-output>
        </test-method> <!-- RestSpecBuilderTest -->
        <test-method signature="ListUser()[pri:0, instance:ResponseSpecbuilder.ResponseSpecBuilderTest@5524cca1]" started-at="2023-09-24T10:17:55 IST" name="ListUser" finished-at="2023-09-24T10:17:58 IST" duration-ms="2537" status="PASS">
          <reporter-output>
          </reporter-output>
        </test-method> <!-- ListUser -->
        <test-method signature="SingleUser()[pri:0, instance:ResponseSpecbuilder.ResponseSpecBuilderTest@5524cca1]" started-at="2023-09-24T10:17:58 IST" name="SingleUser" finished-at="2023-09-24T10:17:58 IST" duration-ms="438" status="PASS">
          <reporter-output>
          </reporter-output>
        </test-method> <!-- SingleUser -->
      </class> <!-- ResponseSpecbuilder.ResponseSpecBuilderTest -->
    </test> <!-- Default test -->
  </suite> <!-- Default suite -->
</testng-results>
