<?xml version="1.0" encoding="UTF-8"?>
<testng-results ignored="0" total="2" passed="2" failed="0" skipped="0">
  <reporter-output>
  </reporter-output>
  <suite started-at="2023-09-17T10:42:24 IST" name="Default suite" finished-at="2023-09-17T10:42:27 IST" duration-ms="3036">
    <groups>
    </groups>
    <test started-at="2023-09-17T10:42:24 IST" name="Default test" finished-at="2023-09-17T10:42:27 IST" duration-ms="3036">
      <class name="BasicRestTest.ListUserAPI">
        <test-method signature="Test1()[pri:0, instance:BasicRestTest.ListUserAPI@4be29ed9]" started-at="2023-09-17T10:42:24 IST" name="Test1" finished-at="2023-09-17T10:42:27 IST" duration-ms="2930" status="PASS">
          <reporter-output>
          </reporter-output>
        </test-method> <!-- Test1 -->
        <test-method signature="Test2()[pri:0, instance:BasicRestTest.ListUserAPI@4be29ed9]" started-at="2023-09-17T10:42:27 IST" name="Test2" finished-at="2023-09-17T10:42:27 IST" duration-ms="5" status="PASS">
          <reporter-output>
          </reporter-output>
        </test-method> <!-- Test2 -->
      </class> <!-- BasicRestTest.ListUserAPI -->
    </test> <!-- Default test -->
  </suite> <!-- Default suite -->
</testng-results>
